Build started 3/27/2015 9:15:48 PM.
     1>Project "D:\OOD\Project2\Executive\Executive.vcxproj" on node 2 (Rebuild target(s)).
     1>ClCompile:
         C:\Program Files (x86)\Microsoft Visual Studio 12.0\VC\bin\CL.exe /c /ZI /nologo /W3 /WX- /sdl /Od /Oy- /D WIN32 /D _DEBUG /D _CONSOLE /D _LIB /D TEST_EXECUTIVE /D _UNICODE /D UNICODE /Gm /EHsc /RTC1 /MDd /GS /fp:precise /Zc:wchar_t /Zc:forScope /Fo"Debug\\" /Fd"Debug\vc120.pdb" /Gd /TP /analyze- /errorReport:prompt ..\Display\Display.cpp ..\XmlDocument\XmlDocument.cpp ..\XmlElementParts\Tokenizer.cpp ..\XmlElementParts\xmlElementParts.cpp ..\XmlElement\XmlElement.cpp Executive.cpp
         Executive.cpp
         XmlElement.cpp
         xmlElementParts.cpp
         Tokenizer.cpp
         XmlDocument.cpp
         Display.cpp
         Generating Code...
       Link:
         C:\Program Files (x86)\Microsoft Visual Studio 12.0\VC\bin\link.exe /ERRORREPORT:PROMPT /OUT:"D:\OOD\Project2\Debug\Executive.exe" /INCREMENTAL /NOLOGO kernel32.lib user32.lib gdi32.lib winspool.lib comdlg32.lib advapi32.lib shell32.lib ole32.lib oleaut32.lib uuid.lib odbc32.lib odbccp32.lib /MANIFEST /MANIFESTUAC:"level='asInvoker' uiAccess='false'" /manifest:embed /DEBUG /PDB:"D:\OOD\Project2\Debug\Executive.pdb" /SUBSYSTEM:CONSOLE /TLBID:1 /DYNAMICBASE /NXCOMPAT /IMPLIB:"D:\OOD\Project2\Debug\Executive.lib" /MACHINE:X86 Debug\Display.obj
         Debug\XmlDocument.obj
         Debug\Tokenizer.obj
         Debug\xmlElementParts.obj
         Debug\XmlElement.obj
         Debug\Executive.obj
         Executive.vcxproj -> D:\OOD\Project2\Debug\Executive.exe
     1>Done Building Project "D:\OOD\Project2\Executive\Executive.vcxproj" (Rebuild target(s)).

Build succeeded.

Time Elapsed 00:00:09.95
